c:\users\user\desktop\バックアップ\elemntgame\elementgame\fpsshootinggame\x64\debug\fpsshootinggame.pch
c:\users\user\desktop\バックアップ\elemntgame\elementgame\fpsshootinggame\x64\debug\vc143.pdb
c:\users\user\desktop\バックアップ\elemntgame\elementgame\fpsshootinggame\x64\debug\vc143.idb
c:\users\user\desktop\バックアップ\elemntgame\elementgame\fpsshootinggame\x64\debug\stdafx.obj
c:\users\user\desktop\バックアップ\elemntgame\elementgame\fpsshootinggame\x64\debug\playermove.obj
c:\users\user\desktop\バックアップ\elemntgame\elementgame\fpsshootinggame\x64\debug\playeranimater.obj
c:\users\user\desktop\バックアップ\elemntgame\elementgame\fpsshootinggame\x64\debug\player.obj
c:\users\user\desktop\バックアップ\elemntgame\elementgame\fpsshootinggame\x64\debug\main.obj
c:\users\user\desktop\バックアップ\elemntgame\elementgame\fpsshootinggame\x64\debug\input.obj
c:\users\user\desktop\バックアップ\elemntgame\elementgame\fpsshootinggame\x64\debug\enemymove.obj
c:\users\user\desktop\バックアップ\elemntgame\elementgame\fpsshootinggame\x64\debug\enemyanimater.obj
c:\users\user\desktop\バックアップ\elemntgame\elementgame\fpsshootinggame\x64\debug\enemy.obj
c:\users\user\desktop\バックアップ\elemntgame\elementgame\fpsshootinggame\x64\debug\effect.obj
c:\users\user\desktop\バックアップ\elemntgame\elementgame\fpsshootinggame\x64\debug\dodge.obj
c:\users\user\desktop\バックアップ\elemntgame\elementgame\fpsshootinggame\x64\debug\color.obj
c:\users\user\desktop\バックアップ\elemntgame\elementgame\fpsshootinggame\x64\debug\collisionsystem.obj
c:\users\user\desktop\バックアップ\elemntgame\elementgame\fpsshootinggame\x64\debug\collision.obj
c:\users\user\desktop\バックアップ\elemntgame\elementgame\fpsshootinggame\x64\debug\chase.obj
c:\users\user\desktop\バックアップ\elemntgame\elementgame\fpsshootinggame\x64\debug\characterbase.obj
c:\users\user\desktop\バックアップ\elemntgame\elementgame\fpsshootinggame\x64\debug\camera.obj
c:\users\user\desktop\バックアップ\elemntgame\elementgame\fpsshootinggame\x64\debug\bulletfire.obj
c:\users\user\desktop\バックアップ\elemntgame\elementgame\fpsshootinggame\x64\debug\bulletcreator.obj
c:\users\user\desktop\バックアップ\elemntgame\elementgame\fpsshootinggame\x64\debug\animaterbase.obj
c:\users\user\desktop\バックアップ\elemntgame\elementgame\fpsshootinggame\x64\debug\titlescene.obj
c:\users\user\desktop\バックアップ\elemntgame\elementgame\fpsshootinggame\x64\debug\stage.obj
c:\users\user\desktop\バックアップ\elemntgame\elementgame\fpsshootinggame\x64\debug\specialattack.obj
c:\users\user\desktop\バックアップ\elemntgame\elementgame\fpsshootinggame\x64\debug\skydome.obj
c:\users\user\desktop\バックアップ\elemntgame\elementgame\fpsshootinggame\x64\debug\gamescene.obj
c:\users\user\desktop\バックアップ\elemntgame\elementgame\fpsshootinggame\x64\debug\shareddata.obj
c:\users\user\desktop\バックアップ\elemntgame\elementgame\fpsshootinggame\x64\debug\shadow.obj
c:\users\user\desktop\バックアップ\elemntgame\elementgame\fpsshootinggame\x64\debug\scenemanager.obj
c:\users\user\desktop\バックアップ\elemntgame\elementgame\fpsshootinggame\x64\debug\scene.obj
c:\users\user\desktop\バックアップ\elemntgame\elementgame\fpsshootinggame\x64\debug\bullet.obj
c:\users\user\desktop\バックアップ\elemntgame\elementgame\x64\debug\fpsshootinggame.exe
c:\users\user\desktop\バックアップ\elemntgame\elementgame\x64\debug\fpsshootinggame.pdb
c:\users\user\desktop\バックアップ\elemntgame\elementgame\fpsshootinggame\x64\debug\fpsshootinggame.ilk
c:\users\user\desktop\バックアップ\elemntgame\elementgame\fpsshootinggame\x64\debug\fpsshootinggame.tlog\cl.command.1.tlog
c:\users\user\desktop\バックアップ\elemntgame\elementgame\fpsshootinggame\x64\debug\fpsshootinggame.tlog\cl.items.tlog
c:\users\user\desktop\バックアップ\elemntgame\elementgame\fpsshootinggame\x64\debug\fpsshootinggame.tlog\cl.read.1.tlog
c:\users\user\desktop\バックアップ\elemntgame\elementgame\fpsshootinggame\x64\debug\fpsshootinggame.tlog\cl.write.1.tlog
c:\users\user\desktop\バックアップ\elemntgame\elementgame\fpsshootinggame\x64\debug\fpsshootinggame.tlog\link.command.1.tlog
c:\users\user\desktop\バックアップ\elemntgame\elementgame\fpsshootinggame\x64\debug\fpsshootinggame.tlog\link.read.1.tlog
c:\users\user\desktop\バックアップ\elemntgame\elementgame\fpsshootinggame\x64\debug\fpsshootinggame.tlog\link.secondary.1.tlog
c:\users\user\desktop\バックアップ\elemntgame\elementgame\fpsshootinggame\x64\debug\fpsshootinggame.tlog\link.write.1.tlog
