c:\users\user\desktop\バックアップ\elemntgame\elementgame\3dgame\x64\debug\vc143.pdb
c:\users\user\desktop\バックアップ\elemntgame\elementgame\3dgame\x64\debug\vc143.idb
c:\users\user\desktop\バックアップ\elemntgame\elementgame\3dgame\x64\debug\playerfireattack.obj
c:\users\user\desktop\バックアップ\elemntgame\elementgame\3dgame\x64\debug\playerbase.obj
c:\users\user\desktop\バックアップ\elemntgame\elementgame\3dgame\x64\debug\playerattackmanager.obj
c:\users\user\desktop\バックアップ\elemntgame\elementgame\3dgame\x64\debug\playerattackbase.obj
c:\users\user\desktop\バックアップ\elemntgame\elementgame\3dgame\x64\debug\main.obj
c:\users\user\desktop\バックアップ\elemntgame\elementgame\3dgame\x64\debug\input.obj
c:\users\user\desktop\バックアップ\elemntgame\elementgame\3dgame\x64\debug\enemywindattack.obj
c:\users\user\desktop\バックアップ\elemntgame\elementgame\3dgame\x64\debug\enemyidolanimation.obj
c:\users\user\desktop\バックアップ\elemntgame\elementgame\3dgame\x64\debug\enemyfireattack.obj
c:\users\user\desktop\バックアップ\elemntgame\elementgame\3dgame\x64\debug\enemybase.obj
c:\users\user\desktop\バックアップ\elemntgame\elementgame\3dgame\x64\debug\enemyattackmanager.obj
c:\users\user\desktop\バックアップ\elemntgame\elementgame\3dgame\x64\debug\enemyanimationmanager.obj
c:\users\user\desktop\バックアップ\elemntgame\elementgame\3dgame\x64\debug\enemyanimationbase.obj
c:\users\user\desktop\バックアップ\elemntgame\elementgame\3dgame\x64\debug\effectbase.obj
c:\users\user\desktop\バックアップ\elemntgame\elementgame\3dgame\x64\debug\enemuywateraattack.obj
c:\users\user\desktop\バックアップ\elemntgame\elementgame\3dgame\x64\debug\chaseanimation.obj
c:\users\user\desktop\バックアップ\elemntgame\elementgame\3dgame\x64\debug\camera.obj
c:\users\user\desktop\バックアップ\elemntgame\elementgame\3dgame\x64\debug\enemyattackbase.obj
c:\users\user\desktop\バックアップ\elemntgame\elementgame\3dgame\x64\debug\color.obj
c:\users\user\desktop\バックアップ\elemntgame\elementgame\3dgame\x64\debug\checkhitplayeratatck.obj
c:\users\user\desktop\バックアップ\elemntgame\elementgame\3dgame\x64\debug\uibase.obj
c:\users\user\desktop\バックアップ\elemntgame\elementgame\3dgame\x64\debug\stage.obj
c:\users\user\desktop\バックアップ\elemntgame\elementgame\3dgame\x64\debug\skydome.obj
c:\users\user\desktop\バックアップ\elemntgame\elementgame\3dgame\x64\debug\shadow.obj
c:\users\user\desktop\バックアップ\elemntgame\elementgame\3dgame\x64\debug\playewindattack.obj
c:\users\user\desktop\バックアップ\elemntgame\elementgame\3dgame\x64\debug\playerwaterattack.obj
c:\users\user\desktop\バックアップ\elemntgame\elementgame\3dgame\x64\debug\playermove.obj
c:\users\user\desktop\バックアップ\elemntgame\elementgame\x64\debug\3dgame.exe
c:\users\user\desktop\バックアップ\elemntgame\elementgame\x64\debug\3dgame.pdb
c:\users\user\desktop\バックアップ\elemntgame\elementgame\3dgame\x64\debug\3dgame.ilk
c:\users\user\desktop\バックアップ\elemntgame\elementgame\3dgame\x64\debug\enemywindattack.obj.enc
c:\users\user\desktop\バックアップ\elemntgame\elementgame\3dgame\x64\debug\3dgame.tlog\cl.command.1.tlog
c:\users\user\desktop\バックアップ\elemntgame\elementgame\3dgame\x64\debug\3dgame.tlog\cl.items.tlog
c:\users\user\desktop\バックアップ\elemntgame\elementgame\3dgame\x64\debug\3dgame.tlog\cl.read.1.tlog
c:\users\user\desktop\バックアップ\elemntgame\elementgame\3dgame\x64\debug\3dgame.tlog\cl.write.1.tlog
c:\users\user\desktop\バックアップ\elemntgame\elementgame\3dgame\x64\debug\3dgame.tlog\link.command.1.tlog
c:\users\user\desktop\バックアップ\elemntgame\elementgame\3dgame\x64\debug\3dgame.tlog\link.read.1.tlog
c:\users\user\desktop\バックアップ\elemntgame\elementgame\3dgame\x64\debug\3dgame.tlog\link.secondary.1.tlog
c:\users\user\desktop\バックアップ\elemntgame\elementgame\3dgame\x64\debug\3dgame.tlog\link.write.1.tlog
